<?xml version="1.0" encoding="UTF-8"?>
<testng-results skipped="0" failed="0" ignored="0" total="1" passed="1">
  <reporter-output>
    <line>
      <![CDATA[*****CONFIGURING*****]]>
    </line>
    <line>
      <![CDATA[*****CONFIGURING*****]]>
    </line>
    <line>
      <![CDATA[*****CONFIGURING*****]]>
    </line>
    <line>
      <![CDATA[*****CONFIGURING*****]]>
    </line>
    <line>
      <![CDATA[*****CONFIGURING*****]]>
    </line>
    <line>
      <![CDATA[*****CONFIGURING*****]]>
    </line>
    <line>
      <![CDATA[*****CONFIGURING*****]]>
    </line>
    <line>
      <![CDATA[*****CONFIGURING*****]]>
    </line>
    <line>
      <![CDATA[*****CONFIGURING*****]]>
    </line>
    <line>
      <![CDATA[*****CONFIGURING*****]]>
    </line>
    <line>
      <![CDATA[*****CONFIGURING*****]]>
    </line>
    <line>
      <![CDATA[*****CONFIGURING*****]]>
    </line>
    <line>
      <![CDATA[*****CONFIGURING*****]]>
    </line>
    <line>
      <![CDATA[*****CONFIGURING*****]]>
    </line>
    <line>
      <![CDATA[*****CONFIGURING*****]]>
    </line>
    <line>
      <![CDATA[*****CONFIGURING*****]]>
    </line>
    <line>
      <![CDATA[*****CONFIGURING*****]]>
    </line>
    <line>
      <![CDATA[*****CONFIGURING*****]]>
    </line>
    <line>
      <![CDATA[*****CONFIGURING*****]]>
    </line>
    <line>
      <![CDATA[*****CONFIGURING*****]]>
    </line>
    <line>
      <![CDATA[*****CONFIGURING*****]]>
    </line>
    <line>
      <![CDATA[*****CONFIGURING*****]]>
    </line>
    <line>
      <![CDATA[*****CONFIGURING*****]]>
    </line>
    <line>
      <![CDATA[*****CONFIGURING*****]]>
    </line>
    <line>
      <![CDATA[*****CONFIGURING*****]]>
    </line>
    <line>
      <![CDATA[*****CONFIGURING*****]]>
    </line>
    <line>
      <![CDATA[*****CONFIGURING*****]]>
    </line>
    <line>
      <![CDATA[*****CONFIGURING*****]]>
    </line>
    <line>
      <![CDATA[*****CONFIGURING*****]]>
    </line>
    <line>
      <![CDATA[*****CONFIGURING*****]]>
    </line>
    <line>
      <![CDATA[*****CONFIGURING*****]]>
    </line>
    <line>
      <![CDATA[*****CONFIGURING*****]]>
    </line>
    <line>
      <![CDATA[*****CONFIGURING*****]]>
    </line>
    <line>
      <![CDATA[*****CONFIGURING*****]]>
    </line>
    <line>
      <![CDATA[*****CONFIGURING*****]]>
    </line>
    <line>
      <![CDATA[*****CONFIGURING*****]]>
    </line>
    <line>
      <![CDATA[*****CONFIGURING*****]]>
    </line>
    <line>
      <![CDATA[*****CONFIGURING*****]]>
    </line>
    <line>
      <![CDATA[*****CONFIGURING*****]]>
    </line>
    <line>
      <![CDATA[*****CONFIGURING*****]]>
    </line>
    <line>
      <![CDATA[*****CONFIGURING*****]]>
    </line>
    <line>
      <![CDATA[*****CONFIGURING*****]]>
    </line>
    <line>
      <![CDATA[*****CONFIGURING*****]]>
    </line>
    <line>
      <![CDATA[*****CONFIGURING*****]]>
    </line>
    <line>
      <![CDATA[*****CONFIGURING*****]]>
    </line>
    <line>
      <![CDATA[*****CONFIGURING*****]]>
    </line>
    <line>
      <![CDATA[*****CONFIGURING*****]]>
    </line>
    <line>
      <![CDATA[*****CONFIGURING*****]]>
    </line>
    <line>
      <![CDATA[*****CONFIGURING*****]]>
    </line>
    <line>
      <![CDATA[*****CONFIGURING*****]]>
    </line>
    <line>
      <![CDATA[*****CONFIGURING*****]]>
    </line>
    <line>
      <![CDATA[*****CONFIGURING*****]]>
    </line>
    <line>
      <![CDATA[*****CONFIGURING*****]]>
    </line>
    <line>
      <![CDATA[*****CONFIGURING*****]]>
    </line>
    <line>
      <![CDATA[*****CONFIGURING*****]]>
    </line>
    <line>
      <![CDATA[*****CONFIGURING*****]]>
    </line>
    <line>
      <![CDATA[*****CONFIGURING*****]]>
    </line>
    <line>
      <![CDATA[*****CONFIGURING*****]]>
    </line>
    <line>
      <![CDATA[*****CONFIGURING*****]]>
    </line>
    <line>
      <![CDATA[*****CONFIGURING*****]]>
    </line>
    <line>
      <![CDATA[*****CONFIGURING*****]]>
    </line>
    <line>
      <![CDATA[*****CONFIGURING*****]]>
    </line>
    <line>
      <![CDATA[*****CONFIGURING*****]]>
    </line>
    <line>
      <![CDATA[*****CONFIGURING*****]]>
    </line>
    <line>
      <![CDATA[*****CONFIGURING*****]]>
    </line>
  </reporter-output>
  <suite name="Command line suite" duration-ms="4" started-at="2019-01-17T12:04:29Z" finished-at="2019-01-17T12:04:29Z">
    <groups>
    </groups>
    <test name="Command line test" duration-ms="4" started-at="2019-01-17T12:04:29Z" finished-at="2019-01-17T12:04:29Z">
      <class name="paytm.paytmmoney.paytmmoneyapi.AppTest">
        <test-method status="PASS" signature="testApp()[pri:0, instance:testApp(paytm.paytmmoney.paytmmoneyapi.AppTest)]" name="testApp" duration-ms="0" started-at="2019-01-17T12:04:29Z" finished-at="2019-01-17T12:04:29Z">
          <reporter-output>
          </reporter-output>
        </test-method> <!-- testApp -->
      </class> <!-- paytm.paytmmoney.paytmmoneyapi.AppTest -->
    </test> <!-- Command line test -->
  </suite> <!-- Command line suite -->
</testng-results>
