<?xml version="1.0" encoding="UTF-8"?>
<!-- Generated by org.testng.reporters.JUnitXMLReporter -->
<testsuite hostname="197blrnb4000147" ignored="0" name="Command line test" tests="3" failures="0" timestamp="17 Jan 2019 12:04:29 GMT" time="31.597" errors="0">
  <testcase name="test1" time="2.879" classname="paytm.paytmmoney.paytmmoneyapi.SampleApiTest"/>
  <testcase name="test2" time="0.542" classname="paytm.paytmmoney.paytmmoneyapi.SampleApiTest"/>
  <testcase name="test3" time="28.155" classname="paytm.paytmmoney.paytmmoneyapi.SampleApiTest"/>
</testsuite> <!-- Command line test -->
