<?xml version="1.0" encoding="UTF-8"?>
<testng-results skipped="0" failed="0" ignored="0" total="3" passed="3">
  <reporter-output>
    <line>
      <![CDATA[*****CONFIGURING*****]]>
    </line>
    <line>
      <![CDATA[*****CONFIGURING*****]]>
    </line>
    <line>
      <![CDATA[*****CONFIGURING*****]]>
    </line>
    <line>
      <![CDATA[*****CONFIGURING*****]]>
    </line>
    <line>
      <![CDATA[*****CONFIGURING*****]]>
    </line>
    <line>
      <![CDATA[*****CONFIGURING*****]]>
    </line>
    <line>
      <![CDATA[*****CONFIGURING*****]]>
    </line>
    <line>
      <![CDATA[*****CONFIGURING*****]]>
    </line>
    <line>
      <![CDATA[*****CONFIGURING*****]]>
    </line>
    <line>
      <![CDATA[*****CONFIGURING*****]]>
    </line>
    <line>
      <![CDATA[*****CONFIGURING*****]]>
    </line>
    <line>
      <![CDATA[*****CONFIGURING*****]]>
    </line>
    <line>
      <![CDATA[*****CONFIGURING*****]]>
    </line>
    <line>
      <![CDATA[*****CONFIGURING*****]]>
    </line>
    <line>
      <![CDATA[*****CONFIGURING*****]]>
    </line>
    <line>
      <![CDATA[*****CONFIGURING*****]]>
    </line>
    <line>
      <![CDATA[*****CONFIGURING*****]]>
    </line>
    <line>
      <![CDATA[*****CONFIGURING*****]]>
    </line>
    <line>
      <![CDATA[*****CONFIGURING*****]]>
    </line>
    <line>
      <![CDATA[*****CONFIGURING*****]]>
    </line>
    <line>
      <![CDATA[*****CONFIGURING*****]]>
    </line>
    <line>
      <![CDATA[*****CONFIGURING*****]]>
    </line>
    <line>
      <![CDATA[*****CONFIGURING*****]]>
    </line>
    <line>
      <![CDATA[*****CONFIGURING*****]]>
    </line>
    <line>
      <![CDATA[*****CONFIGURING*****]]>
    </line>
    <line>
      <![CDATA[*****CONFIGURING*****]]>
    </line>
    <line>
      <![CDATA[*****CONFIGURING*****]]>
    </line>
    <line>
      <![CDATA[*****CONFIGURING*****]]>
    </line>
    <line>
      <![CDATA[*****CONFIGURING*****]]>
    </line>
    <line>
      <![CDATA[*****CONFIGURING*****]]>
    </line>
    <line>
      <![CDATA[*****CONFIGURING*****]]>
    </line>
    <line>
      <![CDATA[*****CONFIGURING*****]]>
    </line>
    <line>
      <![CDATA[*****CONFIGURING*****]]>
    </line>
    <line>
      <![CDATA[*****CONFIGURING*****]]>
    </line>
    <line>
      <![CDATA[*****CONFIGURING*****]]>
    </line>
    <line>
      <![CDATA[*****CONFIGURING*****]]>
    </line>
    <line>
      <![CDATA[*****CONFIGURING*****]]>
    </line>
    <line>
      <![CDATA[*****CONFIGURING*****]]>
    </line>
    <line>
      <![CDATA[*****CONFIGURING*****]]>
    </line>
    <line>
      <![CDATA[*****CONFIGURING*****]]>
    </line>
    <line>
      <![CDATA[*****CONFIGURING*****]]>
    </line>
    <line>
      <![CDATA[*****CONFIGURING*****]]>
    </line>
    <line>
      <![CDATA[*****CONFIGURING*****]]>
    </line>
    <line>
      <![CDATA[*****CONFIGURING*****]]>
    </line>
    <line>
      <![CDATA[*****CONFIGURING*****]]>
    </line>
    <line>
      <![CDATA[*****CONFIGURING*****]]>
    </line>
    <line>
      <![CDATA[*****CONFIGURING*****]]>
    </line>
    <line>
      <![CDATA[*****CONFIGURING*****]]>
    </line>
    <line>
      <![CDATA[*****CONFIGURING*****]]>
    </line>
    <line>
      <![CDATA[*****CONFIGURING*****]]>
    </line>
    <line>
      <![CDATA[*****CONFIGURING*****]]>
    </line>
    <line>
      <![CDATA[*****CONFIGURING*****]]>
    </line>
    <line>
      <![CDATA[*****CONFIGURING*****]]>
    </line>
    <line>
      <![CDATA[*****CONFIGURING*****]]>
    </line>
    <line>
      <![CDATA[*****CONFIGURING*****]]>
    </line>
    <line>
      <![CDATA[*****CONFIGURING*****]]>
    </line>
    <line>
      <![CDATA[*****CONFIGURING*****]]>
    </line>
    <line>
      <![CDATA[*****CONFIGURING*****]]>
    </line>
    <line>
      <![CDATA[*****CONFIGURING*****]]>
    </line>
    <line>
      <![CDATA[*****CONFIGURING*****]]>
    </line>
    <line>
      <![CDATA[*****CONFIGURING*****]]>
    </line>
    <line>
      <![CDATA[*****CONFIGURING*****]]>
    </line>
    <line>
      <![CDATA[*****CONFIGURING*****]]>
    </line>
    <line>
      <![CDATA[*****CONFIGURING*****]]>
    </line>
    <line>
      <![CDATA[*****CONFIGURING*****]]>
    </line>
  </reporter-output>
  <suite name="Command line suite" duration-ms="31597" started-at="2019-01-17T12:03:57Z" finished-at="2019-01-17T12:04:29Z">
    <groups>
    </groups>
    <test name="Command line test" duration-ms="31597" started-at="2019-01-17T12:03:57Z" finished-at="2019-01-17T12:04:29Z">
      <class name="paytm.paytmmoney.paytmmoneyapi.SampleApiTest">
        <test-method status="PASS" signature="test1()[pri:0, instance:paytm.paytmmoney.paytmmoneyapi.SampleApiTest@2c6a3f77]" name="test1" duration-ms="2879" started-at="2019-01-17T12:03:57Z" finished-at="2019-01-17T12:04:00Z">
          <reporter-output>
            <line>
              <![CDATA[*****CONFIGURING*****]]>
            </line>
          </reporter-output>
        </test-method> <!-- test1 -->
        <test-method status="PASS" signature="test2()[pri:0, instance:paytm.paytmmoney.paytmmoneyapi.SampleApiTest@2c6a3f77]" name="test2" duration-ms="542" started-at="2019-01-17T12:04:00Z" finished-at="2019-01-17T12:04:01Z">
          <reporter-output>
            <line>
              <![CDATA[*****CONFIGURING*****]]>
            </line>
          </reporter-output>
        </test-method> <!-- test2 -->
        <test-method status="PASS" signature="test3()[pri:0, instance:paytm.paytmmoney.paytmmoneyapi.SampleApiTest@2c6a3f77]" name="test3" duration-ms="28155" started-at="2019-01-17T12:04:01Z" finished-at="2019-01-17T12:04:29Z">
          <reporter-output>
            <line>
              <![CDATA[*****CONFIGURING*****]]>
            </line>
            <line>
              <![CDATA[*****CONFIGURING*****]]>
            </line>
            <line>
              <![CDATA[*****CONFIGURING*****]]>
            </line>
            <line>
              <![CDATA[*****CONFIGURING*****]]>
            </line>
            <line>
              <![CDATA[*****CONFIGURING*****]]>
            </line>
            <line>
              <![CDATA[*****CONFIGURING*****]]>
            </line>
            <line>
              <![CDATA[*****CONFIGURING*****]]>
            </line>
            <line>
              <![CDATA[*****CONFIGURING*****]]>
            </line>
            <line>
              <![CDATA[*****CONFIGURING*****]]>
            </line>
            <line>
              <![CDATA[*****CONFIGURING*****]]>
            </line>
            <line>
              <![CDATA[*****CONFIGURING*****]]>
            </line>
            <line>
              <![CDATA[*****CONFIGURING*****]]>
            </line>
            <line>
              <![CDATA[*****CONFIGURING*****]]>
            </line>
            <line>
              <![CDATA[*****CONFIGURING*****]]>
            </line>
            <line>
              <![CDATA[*****CONFIGURING*****]]>
            </line>
            <line>
              <![CDATA[*****CONFIGURING*****]]>
            </line>
            <line>
              <![CDATA[*****CONFIGURING*****]]>
            </line>
            <line>
              <![CDATA[*****CONFIGURING*****]]>
            </line>
            <line>
              <![CDATA[*****CONFIGURING*****]]>
            </line>
            <line>
              <![CDATA[*****CONFIGURING*****]]>
            </line>
            <line>
              <![CDATA[*****CONFIGURING*****]]>
            </line>
            <line>
              <![CDATA[*****CONFIGURING*****]]>
            </line>
            <line>
              <![CDATA[*****CONFIGURING*****]]>
            </line>
            <line>
              <![CDATA[*****CONFIGURING*****]]>
            </line>
            <line>
              <![CDATA[*****CONFIGURING*****]]>
            </line>
            <line>
              <![CDATA[*****CONFIGURING*****]]>
            </line>
            <line>
              <![CDATA[*****CONFIGURING*****]]>
            </line>
            <line>
              <![CDATA[*****CONFIGURING*****]]>
            </line>
            <line>
              <![CDATA[*****CONFIGURING*****]]>
            </line>
            <line>
              <![CDATA[*****CONFIGURING*****]]>
            </line>
            <line>
              <![CDATA[*****CONFIGURING*****]]>
            </line>
            <line>
              <![CDATA[*****CONFIGURING*****]]>
            </line>
            <line>
              <![CDATA[*****CONFIGURING*****]]>
            </line>
            <line>
              <![CDATA[*****CONFIGURING*****]]>
            </line>
            <line>
              <![CDATA[*****CONFIGURING*****]]>
            </line>
            <line>
              <![CDATA[*****CONFIGURING*****]]>
            </line>
            <line>
              <![CDATA[*****CONFIGURING*****]]>
            </line>
            <line>
              <![CDATA[*****CONFIGURING*****]]>
            </line>
            <line>
              <![CDATA[*****CONFIGURING*****]]>
            </line>
            <line>
              <![CDATA[*****CONFIGURING*****]]>
            </line>
            <line>
              <![CDATA[*****CONFIGURING*****]]>
            </line>
            <line>
              <![CDATA[*****CONFIGURING*****]]>
            </line>
            <line>
              <![CDATA[*****CONFIGURING*****]]>
            </line>
            <line>
              <![CDATA[*****CONFIGURING*****]]>
            </line>
            <line>
              <![CDATA[*****CONFIGURING*****]]>
            </line>
            <line>
              <![CDATA[*****CONFIGURING*****]]>
            </line>
            <line>
              <![CDATA[*****CONFIGURING*****]]>
            </line>
            <line>
              <![CDATA[*****CONFIGURING*****]]>
            </line>
            <line>
              <![CDATA[*****CONFIGURING*****]]>
            </line>
            <line>
              <![CDATA[*****CONFIGURING*****]]>
            </line>
            <line>
              <![CDATA[*****CONFIGURING*****]]>
            </line>
            <line>
              <![CDATA[*****CONFIGURING*****]]>
            </line>
            <line>
              <![CDATA[*****CONFIGURING*****]]>
            </line>
            <line>
              <![CDATA[*****CONFIGURING*****]]>
            </line>
            <line>
              <![CDATA[*****CONFIGURING*****]]>
            </line>
            <line>
              <![CDATA[*****CONFIGURING*****]]>
            </line>
            <line>
              <![CDATA[*****CONFIGURING*****]]>
            </line>
            <line>
              <![CDATA[*****CONFIGURING*****]]>
            </line>
            <line>
              <![CDATA[*****CONFIGURING*****]]>
            </line>
            <line>
              <![CDATA[*****CONFIGURING*****]]>
            </line>
            <line>
              <![CDATA[*****CONFIGURING*****]]>
            </line>
            <line>
              <![CDATA[*****CONFIGURING*****]]>
            </line>
            <line>
              <![CDATA[*****CONFIGURING*****]]>
            </line>
          </reporter-output>
        </test-method> <!-- test3 -->
      </class> <!-- paytm.paytmmoney.paytmmoneyapi.SampleApiTest -->
    </test> <!-- Command line test -->
  </suite> <!-- Command line suite -->
</testng-results>
