<?xml version="1.0" encoding="UTF-8"?>
<testng-results skipped="0" failed="0" ignored="0" total="0" passed="0">
  <reporter-output>
  </reporter-output>
  <suite name="paytm.paytmmoney.paytmmoneyapi.AppTest" duration-ms="3" started-at="2018-12-28T16:06:52Z" finished-at="2018-12-28T16:06:52Z">
    <groups>
    </groups>
    <test name="Command line test" duration-ms="3" started-at="2018-12-28T16:06:52Z" finished-at="2018-12-28T16:06:52Z">
    </test> <!-- Command line test -->
  </suite> <!-- paytm.paytmmoney.paytmmoneyapi.AppTest -->
</testng-results>
