<?xml version="1.0" encoding="UTF-8"?>
<!-- Generated by org.testng.reporters.JUnitXMLReporter -->
<testsuite hostname="197blrnb4000147" ignored="0" name="Test" tests="4" failures="0" timestamp="02 Jan 2019 13:04:29 GMT" time="7.294" errors="0">
  <testcase name="test1" time="2.955" classname="paytm.paytmmoney.paytmmoneyapi.SampleApiTest"/>
  <testcase name="test2" time="1.766" classname="paytm.paytmmoney.paytmmoneyapi.SampleApiTest"/>
  <testcase name="test3" time="1.723" classname="paytm.paytmmoney.paytmmoneyapi.SampleApiTest"/>
  <testcase name="test4" time="0.822" classname="paytm.paytmmoney.paytmmoneyapi.SampleApiTest"/>
</testsuite> <!-- Test -->
